index.html:831 [SOLVE-START] camPos=(-0.00, 0.00, 14.00) | target=(0.00, 0.00, 0.00) | empty: row=0 col=4 angle=288.0°
index.html:802 [ALIGN] applied | empty row=0 col=4 | delta=162.00° | towerYaw=162.0°
index.html:961 === SOLVER STARTED ===
  row0: [R W W Y _]
  row1: [G G W B Y]
  row2: [R G R G W]
  row3: [B Y B R G]
  row4: [Y B B W R]
  row5: [Y · · · ·]
index.html:1096 Target assignment: col0=R, col1=G, col2=B, col3=Y, col4=W
index.html:1105 --- Solving row 0 ---
index.html:1144   col0: R already in place ✓
index.html:1148   col1: need G, searching...
index.html:1181   col1: found 6 moves
index.html:1249 [ANIM-MOVE] type=move from=(1,4) to=(0,4) | empty before: row=0 col=4 angle=288.0°
index.html:1269 [BALL-MOVE] from=(1,4) to=(0,4) | emptyBefore: row=0 col=4 angle=288.0°
index.html:780 [ALIGN] skip | empty row=1 col=4 | delta=0.00° | towerYaw=162.0°
index.html:1249 [ANIM-MOVE] type=rotate row=1 steps=-1 | empty before: row=1 col=4 angle=288.0°
index.html:1334 [ROTATION] row=1 steps=-1 startRot=0.0° endRot=-72.0° | emptyBefore: row=1 col=4 angle=288.0°
index.html:802 [ALIGN] applied | empty row=1 col=4 | delta=72.00° | towerYaw=234.0°
index.html:1249 [ANIM-MOVE] type=rotate row=1 steps=-1 | empty before: row=1 col=4 angle=216.0°
index.html:1334 [ROTATION] row=1 steps=-1 startRot=-72.0° endRot=-144.0° | emptyBefore: row=1 col=4 angle=216.0°
index.html:802 [ALIGN] applied | empty row=1 col=4 | delta=72.00° | towerYaw=306.0°
index.html:1249 [ANIM-MOVE] type=move from=(0,1) to=(1,4) | empty before: row=1 col=4 angle=144.0°
index.html:1269 [BALL-MOVE] from=(0,1) to=(1,4) | emptyBefore: row=1 col=4 angle=144.0°
index.html:802 [ALIGN] applied | empty row=0 col=1 | delta=72.00° | towerYaw=378.0°
index.html:1249 [ANIM-MOVE] type=rotate row=1 steps=1 | empty before: row=0 col=1 angle=72.0°
index.html:1334 [ROTATION] row=1 steps=1 startRot=-144.0° endRot=-72.0° | emptyBefore: row=0 col=1 angle=72.0°
index.html:780 [ALIGN] skip | empty row=0 col=1 | delta=0.00° | towerYaw=378.0°
index.html:1249 [ANIM-MOVE] type=move from=(1,0) to=(0,1) | empty before: row=0 col=1 angle=72.0°
index.html:1269 [BALL-MOVE] from=(1,0) to=(0,1) | emptyBefore: row=0 col=1 angle=72.0°
index.html:802 [ALIGN] applied | empty row=1 col=0 | delta=144.00° | towerYaw=522.0°
index.html:1148   col2: need B, searching...
index.html:1181   col2: found 5 moves
index.html:1249 [ANIM-MOVE] type=rotate row=1 steps=-1 | empty before: row=1 col=0 angle=288.0°
index.html:1334 [ROTATION] row=1 steps=-1 startRot=-72.0° endRot=-144.0° | emptyBefore: row=1 col=0 angle=288.0°
index.html:802 [ALIGN] applied | empty row=1 col=0 | delta=72.00° | towerYaw=594.0°
index.html:1249 [ANIM-MOVE] type=move from=(0,2) to=(1,0) | empty before: row=1 col=0 angle=216.0°
index.html:1269 [BALL-MOVE] from=(0,2) to=(1,0) | emptyBefore: row=1 col=0 angle=216.0°
index.html:802 [ALIGN] applied | empty row=0 col=2 | delta=72.00° | towerYaw=666.0°
index.html:1249 [ANIM-MOVE] type=rotate row=1 steps=-1 | empty before: row=0 col=2 angle=144.0°
index.html:1334 [ROTATION] row=1 steps=-1 startRot=-144.0° endRot=-216.0° | emptyBefore: row=0 col=2 angle=144.0°
index.html:780 [ALIGN] skip | empty row=0 col=2 | delta=-0.00° | towerYaw=666.0°
index.html:1249 [ANIM-MOVE] type=rotate row=1 steps=-1 | empty before: row=0 col=2 angle=144.0°
index.html:1334 [ROTATION] row=1 steps=-1 startRot=-216.0° endRot=-288.0° | emptyBefore: row=0 col=2 angle=144.0°
index.html:780 [ALIGN] skip | empty row=0 col=2 | delta=-0.00° | towerYaw=666.0°
index.html:1249 [ANIM-MOVE] type=move from=(1,3) to=(0,2) | empty before: row=0 col=2 angle=144.0°
index.html:1269 [BALL-MOVE] from=(1,3) to=(0,2) | emptyBefore: row=0 col=2 angle=144.0°
index.html:802 [ALIGN] applied | empty row=1 col=3 | delta=-144.00° | towerYaw=522.0°
index.html:1144   col3: Y already in place ✓
index.html:1148   col4: need W, searching...
index.html:1181   col4: found 5 moves
index.html:1249 [ANIM-MOVE] type=rotate row=1 steps=-1 | empty before: row=1 col=3 angle=288.0°
index.html:1334 [ROTATION] row=1 steps=-1 startRot=-288.0° endRot=-360.0° | emptyBefore: row=1 col=3 angle=288.0°
index.html:802 [ALIGN] applied | empty row=1 col=3 | delta=72.00° | towerYaw=594.0°
index.html:1249 [ANIM-MOVE] type=rotate row=1 steps=-1 | empty before: row=1 col=3 angle=216.0°
index.html:1334 [ROTATION] row=1 steps=-1 startRot=-360.0° endRot=-432.0° | emptyBefore: row=1 col=3 angle=216.0°
index.html:802 [ALIGN] applied | empty row=1 col=3 | delta=72.00° | towerYaw=666.0°
index.html:1249 [ANIM-MOVE] type=move from=(0,4) to=(1,3) | empty before: row=1 col=3 angle=144.0°
index.html:1269 [BALL-MOVE] from=(0,4) to=(1,3) | emptyBefore: row=1 col=3 angle=144.0°
index.html:802 [ALIGN] applied | empty row=0 col=4 | delta=-144.00° | towerYaw=522.0°
index.html:1249 [ANIM-MOVE] type=rotate row=1 steps=1 | empty before: row=0 col=4 angle=288.0°
index.html:1334 [ROTATION] row=1 steps=1 startRot=-432.0° endRot=-360.0° | emptyBefore: row=0 col=4 angle=288.0°
index.html:780 [ALIGN] skip | empty row=0 col=4 | delta=-0.00° | towerYaw=522.0°
index.html:1249 [ANIM-MOVE] type=move from=(1,4) to=(0,4) | empty before: row=0 col=4 angle=288.0°
index.html:1269 [BALL-MOVE] from=(1,4) to=(0,4) | emptyBefore: row=0 col=4 angle=288.0°
index.html:780 [ALIGN] skip | empty row=1 col=4 | delta=-0.00° | towerYaw=522.0°
index.html:1212   Row 0 LOCKED ✓
index.html:1105 --- Solving row 1 ---
index.html:1148   col0: need R, searching...
index.html:1181   col0: found 2 moves
index.html:1249 [ANIM-MOVE] type=rotate row=1 steps=-1 | empty before: row=1 col=4 angle=288.0°
index.html:1334 [ROTATION] row=1 steps=-1 startRot=-360.0° endRot=-432.0° | emptyBefore: row=1 col=4 angle=288.0°
index.html:802 [ALIGN] applied | empty row=1 col=4 | delta=72.00° | towerYaw=594.0°
index.html:1249 [ANIM-MOVE] type=move from=(2,2) to=(1,4) | empty before: row=1 col=4 angle=216.0°
index.html:1269 [BALL-MOVE] from=(2,2) to=(1,4) | emptyBefore: row=1 col=4 angle=216.0°
index.html:802 [ALIGN] applied | empty row=2 col=2 | delta=-72.00° | towerYaw=522.0°
index.html:1148   col1: need G, searching...
index.html:1181   col1: found 4 moves
index.html:1249 [ANIM-MOVE] type=rotate row=2 steps=-1 | empty before: row=2 col=2 angle=288.0°
index.html:1334 [ROTATION] row=2 steps=-1 startRot=144.0° endRot=72.0° | emptyBefore: row=2 col=2 angle=288.0°
index.html:802 [ALIGN] applied | empty row=2 col=2 | delta=72.00° | towerYaw=594.0°
index.html:1249 [ANIM-MOVE] type=move from=(1,0) to=(2,2) | empty before: row=2 col=2 angle=216.0°
index.html:1269 [BALL-MOVE] from=(1,0) to=(2,2) | emptyBefore: row=2 col=2 angle=216.0°
index.html:802 [ALIGN] applied | empty row=1 col=0 | delta=-72.00° | towerYaw=522.0°
index.html:1249 [ANIM-MOVE] type=rotate row=2 steps=1 | empty before: row=1 col=0 angle=288.0°
index.html:1334 [ROTATION] row=2 steps=1 startRot=72.0° endRot=144.0° | emptyBefore: row=1 col=0 angle=288.0°
index.html:780 [ALIGN] skip | empty row=1 col=0 | delta=-0.00° | towerYaw=522.0°
index.html:1249 [ANIM-MOVE] type=move from=(2,3) to=(1,0) | empty before: row=1 col=0 angle=288.0°
index.html:1269 [BALL-MOVE] from=(2,3) to=(1,0) | emptyBefore: row=1 col=0 angle=288.0°
index.html:802 [ALIGN] applied | empty row=2 col=3 | delta=-72.00° | towerYaw=450.0°
